TN:
SF:src\App.tsx
FN:18,App
FN:23,(anonymous_1)
FN:24,(anonymous_2)
FN:26,(anonymous_3)
FN:29,(anonymous_4)
FN:57,(anonymous_5)
FNF:6
FNH:4
FNDA:3,App
FNDA:1,(anonymous_1)
FNDA:0,(anonymous_2)
FNDA:1,(anonymous_3)
FNDA:3,(anonymous_4)
FNDA:0,(anonymous_5)
DA:19,3
DA:20,3
DA:21,3
DA:23,3
DA:24,1
DA:25,1
DA:26,1
DA:29,3
DA:30,3
DA:31,1
DA:32,0
DA:33,0
DA:34,0
DA:35,0
DA:36,0
DA:37,0
DA:38,1
DA:39,1
DA:40,0
DA:41,0
DA:42,0
DA:46,3
DA:57,0
LF:23
LH:13
BRDA:30,0,0,1
BRDA:30,0,1,0
BRDA:30,0,2,0
BRDA:30,0,3,0
BRDA:30,0,4,0
BRDA:30,0,5,0
BRDA:30,0,6,0
BRDA:30,0,7,1
BRDA:30,0,8,1
BRDA:30,0,9,0
BRDA:30,0,10,0
BRDA:30,0,11,0
BRDA:54,1,0,3
BRDA:54,1,1,0
BRDA:55,2,0,3
BRDA:55,2,1,0
BRF:16
BRH:5
end_of_record
TN:
SF:src\components\Navigation.tsx
FN:43,(anonymous_0)
FN:49,(anonymous_1)
FN:63,(anonymous_2)
FN:76,(anonymous_3)
FNF:4
FNH:3
FNDA:5,(anonymous_0)
FNDA:0,(anonymous_1)
FNDA:55,(anonymous_2)
FNDA:2,(anonymous_3)
DA:29,1
DA:43,1
DA:44,5
DA:46,5
DA:49,0
DA:64,55
DA:66,55
DA:70,55
DA:77,2
DA:78,2
LF:10
LH:9
BRDA:48,0,0,5
BRDA:48,0,1,0
BRDA:51,1,0,0
BRDA:51,1,1,5
BRDA:66,2,0,35
BRDA:66,2,1,20
BRDA:66,3,0,55
BRDA:66,3,1,50
BRDA:66,3,2,45
BRDA:66,3,3,40
BRDA:74,4,0,5
BRDA:74,4,1,50
BRDA:75,5,0,5
BRDA:75,5,1,50
BRDA:83,6,0,55
BRDA:83,6,1,4
BRF:16
BRH:14
end_of_record
TN:
SF:src\components\sections\ChatAssistant.tsx
FN:17,(anonymous_0)
FN:26,(anonymous_1)
FN:30,(anonymous_2)
FN:31,(anonymous_3)
FN:37,(anonymous_4)
FN:42,(anonymous_5)
FN:50,(anonymous_6)
FN:53,(anonymous_7)
FN:99,(anonymous_8)
FN:125,(anonymous_9)
FN:131,(anonymous_10)
FN:138,(anonymous_11)
FN:151,(anonymous_12)
FNF:13
FNH:12
FNDA:10,(anonymous_0)
FNDA:2,(anonymous_1)
FNDA:2,(anonymous_2)
FNDA:4,(anonymous_3)
FNDA:2,(anonymous_4)
FNDA:2,(anonymous_5)
FNDA:1,(anonymous_6)
FNDA:1,(anonymous_7)
FNDA:16,(anonymous_8)
FNDA:40,(anonymous_9)
FNDA:0,(anonymous_10)
FNDA:2,(anonymous_11)
FNDA:2,(anonymous_12)
DA:17,2
DA:18,10
DA:19,10
DA:22,10
DA:23,10
DA:24,10
DA:26,10
DA:27,2
DA:30,10
DA:31,4
DA:37,10
DA:38,2
DA:39,2
DA:41,2
DA:42,2
DA:43,2
DA:44,2
DA:45,2
DA:47,2
DA:48,2
DA:49,1
DA:50,1
DA:52,1
DA:53,1
DA:58,1
DA:59,1
DA:61,2
DA:65,10
DA:72,10
DA:100,16
DA:126,40
DA:131,0
DA:139,2
DA:140,2
DA:151,2
LF:35
LH:34
BRDA:17,0,0,10
BRDA:32,1,0,2
BRDA:32,1,1,2
BRDA:39,2,0,0
BRDA:39,2,1,2
BRDA:39,3,0,2
BRDA:39,3,1,2
BRDA:83,4,0,10
BRDA:83,4,1,8
BRDA:90,5,0,10
BRDA:90,5,1,1
BRDA:100,6,0,4
BRDA:100,6,1,12
BRDA:103,7,0,4
BRDA:103,7,1,12
BRDA:107,8,0,4
BRDA:107,8,1,12
BRDA:110,9,0,4
BRDA:110,9,1,12
BRDA:111,10,0,4
BRDA:111,10,1,12
BRDA:113,11,0,4
BRDA:113,11,1,12
BRDA:159,12,0,10
BRDA:159,12,1,8
BRDA:161,13,0,2
BRDA:161,13,1,8
BRF:27
BRH:26
end_of_record
TN:
SF:src\components\sections\ElectionDayChecklist.tsx
FN:15,(anonymous_0)
FN:19,(anonymous_1)
FN:23,(anonymous_2)
FN:24,(anonymous_3)
FN:61,(anonymous_4)
FN:66,(anonymous_5)
FNF:6
FNH:6
FNDA:3,(anonymous_0)
FNDA:1,(anonymous_1)
FNDA:1,(anonymous_2)
FNDA:1,(anonymous_3)
FNDA:21,(anonymous_4)
FNDA:1,(anonymous_5)
DA:5,2
DA:15,2
DA:16,3
DA:17,3
DA:19,3
DA:20,1
DA:23,3
DA:24,1
DA:27,3
DA:29,3
DA:62,21
DA:63,21
DA:66,1
LF:13
LH:13
BRDA:27,0,0,3
BRDA:27,0,1,2
BRDA:36,1,0,3
BRDA:36,1,1,2
BRDA:52,2,0,0
BRDA:52,2,1,3
BRDA:55,3,0,0
BRDA:55,3,1,3
BRDA:73,4,0,1
BRDA:73,4,1,20
BRDA:74,5,0,1
BRDA:74,5,1,20
BRDA:77,6,0,1
BRDA:77,6,1,20
BRDA:84,7,0,1
BRDA:84,7,1,20
BRDA:85,8,0,1
BRDA:85,8,1,20
BRF:18
BRH:16
end_of_record
TN:
SF:src\components\sections\ElectionTimeline.tsx
FN:11,(anonymous_0)
FN:15,(anonymous_1)
FN:34,(anonymous_2)
FN:50,(anonymous_3)
FNF:4
FNH:4
FNDA:5,(anonymous_0)
FNDA:2,(anonymous_1)
FNDA:35,(anonymous_2)
FNDA:1,(anonymous_3)
DA:11,2
DA:12,5
DA:13,5
DA:15,5
DA:16,2
DA:19,5
DA:35,35
DA:36,35
DA:50,1
LF:9
LH:9
BRDA:11,0,0,5
BRDA:26,1,0,5
BRDA:26,1,1,3
BRDA:34,2,0,5
BRDA:34,2,1,0
BRDA:39,3,0,10
BRDA:39,3,1,25
BRDA:40,4,0,35
BRDA:40,4,1,10
BRDA:45,5,0,5
BRDA:45,5,1,30
BRDA:50,6,0,0
BRDA:50,6,1,1
BRDA:60,7,0,5
BRDA:60,7,1,30
BRDA:64,8,0,5
BRDA:64,8,1,30
BRDA:68,9,0,35
BRDA:68,9,1,5
BRF:19
BRH:17
end_of_record
TN:
SF:src\components\sections\FAQ.tsx
FN:10,(anonymous_0)
FN:15,(anonymous_1)
FN:19,(anonymous_2)
FN:45,(anonymous_3)
FN:55,(anonymous_4)
FN:73,(anonymous_5)
FNF:6
FNH:6
FNDA:19,(anonymous_0)
FNDA:3,(anonymous_1)
FNDA:170,(anonymous_2)
FNDA:12,(anonymous_3)
FNDA:96,(anonymous_4)
FNDA:1,(anonymous_5)
DA:10,2
DA:11,19
DA:12,19
DA:13,19
DA:15,19
DA:16,3
DA:19,19
DA:20,170
DA:24,19
DA:45,12
DA:56,96
DA:57,96
DA:73,1
LF:13
LH:13
BRDA:10,0,0,19
BRDA:20,1,0,170
BRDA:20,1,1,94
BRDA:31,2,0,19
BRDA:31,2,1,16
BRDA:55,3,0,17
BRDA:55,3,1,2
BRDA:63,4,0,1
BRDA:63,4,1,95
BRDA:64,5,0,1
BRDA:64,5,1,95
BRDA:65,6,0,1
BRDA:65,6,1,95
BRDA:73,7,0,0
BRDA:73,7,1,1
BRDA:77,8,0,1
BRDA:77,8,1,95
BRDA:80,9,0,1
BRDA:80,9,1,95
BRDA:83,10,0,96
BRDA:83,10,1,1
BRF:21
BRH:20
end_of_record
TN:
SF:src\components\sections\Glossary.tsx
FN:10,(anonymous_0)
FN:14,(anonymous_1)
FN:18,(anonymous_2)
FN:21,(anonymous_3)
FN:44,(anonymous_4)
FN:54,(anonymous_5)
FNF:6
FNH:5
FNDA:4,(anonymous_0)
FNDA:2,(anonymous_1)
FNDA:24,(anonymous_2)
FNDA:60,(anonymous_3)
FNDA:0,(anonymous_4)
FNDA:24,(anonymous_5)
DA:10,2
DA:11,4
DA:12,4
DA:14,4
DA:15,2
DA:18,4
DA:19,24
DA:21,60
DA:23,4
DA:44,0
DA:55,24
LF:11
LH:10
BRDA:10,0,0,4
BRDA:19,1,0,24
BRDA:19,1,1,0
BRDA:30,2,0,4
BRDA:30,2,1,2
BRDA:54,3,0,2
BRDA:54,3,1,2
BRF:7
BRH:6
end_of_record
TN:
SF:src\components\sections\GuidedLearning.tsx
FN:15,(anonymous_0)
FN:19,(anonymous_1)
FN:25,(anonymous_2)
FN:26,(anonymous_3)
FN:29,(anonymous_4)
FN:30,(anonymous_5)
FNF:6
FNH:4
FNDA:9,(anonymous_0)
FNDA:8,(anonymous_1)
FNDA:6,(anonymous_2)
FNDA:6,(anonymous_3)
FNDA:0,(anonymous_4)
FNDA:0,(anonymous_5)
DA:5,3
DA:15,3
DA:16,9
DA:17,9
DA:19,9
DA:20,8
DA:21,1
DA:25,9
DA:26,6
DA:29,9
DA:30,0
DA:33,9
LF:12
LH:11
BRDA:20,0,0,1
BRDA:20,0,1,7
BRDA:26,1,0,6
BRDA:26,1,1,0
BRDA:30,2,0,0
BRDA:30,2,1,0
BRDA:37,3,0,9
BRDA:37,3,1,1
BRDA:68,4,0,2
BRDA:68,4,1,7
BRDA:68,5,0,2
BRDA:68,5,1,7
BRDA:73,6,0,7
BRDA:73,6,1,2
BRF:14
BRH:11
end_of_record
TN:
SF:src\components\sections\Home.tsx
FN:9,(anonymous_0)
FN:31,(anonymous_1)
FN:34,(anonymous_2)
FNF:3
FNH:2
FNDA:2,(anonymous_0)
FNDA:1,(anonymous_1)
FNDA:0,(anonymous_2)
DA:9,2
DA:10,2
DA:31,1
DA:34,0
LF:4
LH:3
BRF:0
BRH:0
end_of_record
TN:
SF:src\components\sections\Quiz.tsx
FN:10,(anonymous_0)
FN:18,(anonymous_1)
FN:24,(anonymous_2)
FN:29,(anonymous_3)
FN:33,(anonymous_4)
FN:35,(anonymous_5)
FN:43,(anonymous_6)
FN:109,(anonymous_7)
FN:136,(anonymous_8)
FNF:9
FNH:8
FNDA:12,(anonymous_0)
FNDA:2,(anonymous_1)
FNDA:5,(anonymous_2)
FNDA:5,(anonymous_3)
FNDA:5,(anonymous_4)
FNDA:4,(anonymous_5)
FNDA:0,(anonymous_6)
FNDA:26,(anonymous_7)
FNDA:5,(anonymous_8)
DA:10,2
DA:11,12
DA:12,12
DA:13,12
DA:14,12
DA:15,12
DA:16,12
DA:18,12
DA:19,2
DA:20,1
DA:24,12
DA:25,5
DA:26,5
DA:27,5
DA:28,5
DA:29,5
DA:33,12
DA:34,5
DA:35,4
DA:36,4
DA:37,4
DA:39,1
DA:43,12
DA:44,0
DA:45,0
DA:46,0
DA:47,0
DA:48,0
DA:51,12
DA:52,2
DA:75,10
DA:77,10
DA:110,26
DA:111,26
DA:112,26
DA:114,26
DA:115,13
DA:116,5
DA:117,5
DA:118,5
DA:119,8
DA:120,0
DA:121,0
DA:122,0
DA:124,8
DA:125,8
DA:127,13
DA:128,0
DA:129,0
DA:132,26
DA:136,5
LF:51
LH:41
BRDA:10,0,0,12
BRDA:19,1,0,1
BRDA:19,1,1,1
BRDA:25,2,0,0
BRDA:25,2,1,5
BRDA:28,3,0,5
BRDA:28,3,1,0
BRDA:34,4,0,4
BRDA:34,4,1,1
BRDA:51,5,0,2
BRDA:51,5,1,10
BRDA:84,6,0,10
BRDA:84,6,1,0
BRDA:114,7,0,13
BRDA:114,7,1,13
BRDA:115,8,0,5
BRDA:115,8,1,8
BRDA:119,9,0,0
BRDA:119,9,1,8
BRDA:127,10,0,0
BRDA:127,10,1,13
BRDA:140,11,0,13
BRDA:140,11,1,13
BRDA:144,12,0,13
BRDA:144,12,1,13
BRDA:148,13,0,26
BRDA:148,13,1,13
BRDA:148,13,2,5
BRDA:155,14,0,12
BRDA:155,14,1,5
BRDA:163,15,0,4
BRDA:163,15,1,1
BRF:32
BRH:27
end_of_record
TN:
SF:src\components\sections\RequiredDocuments.tsx
FN:5,(anonymous_0)
FN:8,(anonymous_1)
FNF:2
FNH:2
FNDA:2,(anonymous_0)
FNDA:1,(anonymous_1)
DA:5,2
DA:6,2
DA:8,2
DA:9,1
DA:12,2
LF:5
LH:5
BRDA:19,0,0,2
BRDA:19,0,1,1
BRF:2
BRH:2
end_of_record
TN:
SF:src\components\sections\StepByStepGuide.tsx
FN:16,(anonymous_0)
FN:19,(anonymous_1)
FN:38,(anonymous_2)
FNF:3
FNH:3
FNDA:2,(anonymous_0)
FNDA:1,(anonymous_1)
FNDA:16,(anonymous_2)
DA:5,2
DA:16,2
DA:17,2
DA:19,2
DA:20,1
DA:23,2
DA:39,16
LF:7
LH:7
BRDA:30,0,0,2
BRDA:30,0,1,1
BRF:2
BRH:2
end_of_record
TN:
SF:src\components\sections\VoterRegistration.tsx
FN:5,(anonymous_0)
FN:8,(anonymous_1)
FNF:2
FNH:2
FNDA:2,(anonymous_0)
FNDA:1,(anonymous_1)
DA:5,2
DA:6,2
DA:8,2
DA:9,1
DA:12,2
LF:5
LH:5
BRDA:19,0,0,2
BRDA:19,0,1,1
BRF:2
BRH:2
end_of_record
TN:
SF:src\context\ProgressContext.tsx
FN:24,(anonymous_0)
FN:30,(anonymous_1)
FN:31,(anonymous_2)
FN:43,(anonymous_3)
FN:47,(anonymous_4)
FN:48,(anonymous_5)
FN:63,(anonymous_6)
FN:76,(anonymous_7)
FNF:8
FNH:7
FNDA:0,(anonymous_0)
FNDA:35,(anonymous_1)
FNDA:19,(anonymous_2)
FNDA:35,(anonymous_3)
FNDA:16,(anonymous_4)
FNDA:16,(anonymous_5)
FNDA:35,(anonymous_6)
FNDA:77,(anonymous_7)
DA:11,6
DA:28,6
DA:30,6
DA:31,35
DA:32,19
DA:33,19
DA:34,6
DA:35,6
DA:37,1
DA:40,14
DA:43,35
DA:44,35
DA:47,35
DA:48,16
DA:49,16
DA:50,0
DA:53,16
DA:60,35
DA:61,35
DA:62,35
DA:63,35
DA:69,35
DA:76,77
LF:23
LH:22
BRDA:33,0,0,6
BRDA:33,0,1,13
BRDA:49,1,0,0
BRDA:49,1,1,16
BRF:4
BRH:3
end_of_record
TN:
SF:src\data\mockData.ts
FNF:0
FNH:0
DA:2,5
DA:45,5
DA:60,5
DA:98,5
DA:131,5
LF:5
LH:5
BRF:0
BRH:0
end_of_record
TN:
SF:src\services\assistant.ts
FN:14,askElectionAssistant
FNF:1
FNH:1
FNDA:2,askElectionAssistant
DA:15,2
DA:23,2
DA:25,2
DA:26,1
DA:29,1
DA:30,0
DA:33,1
LF:7
LH:6
BRDA:14,0,0,2
BRDA:25,1,0,1
BRDA:25,1,1,1
BRDA:26,2,0,1
BRDA:26,2,1,0
BRDA:29,3,0,0
BRDA:29,3,1,1
BRDA:29,4,0,1
BRDA:29,4,1,1
BRF:9
BRH:7
end_of_record
TN:
SF:src\services\assistantFallback.ts
FN:3,getFallbackAssistantReply
FNF:1
FNH:1
FNDA:1,getFallbackAssistantReply
DA:4,1
DA:6,1
DA:7,4
DA:8,1
DA:12,0
LF:5
LH:4
BRDA:7,0,0,1
BRDA:7,0,1,3
BRDA:7,1,0,4
BRDA:7,1,1,4
BRF:4
BRH:4
end_of_record
